<?xml version="1.0" encoding="UTF-8" ?>
<testsuite tests="1" failures="0" name="com.origamisoftware.teach.advanced.app.BasicAPIExampleTest" time="13.37" errors="1" skipped="0">
  <properties>
[...]
</properties>
  <testcase classname="com.origamisoftware.teach.advanced.app.BasicAPIExampleTest" name="testMain" time="13.37">
    <error type="java.lang.NullPointerException">java.lang.NullPointerException
	at com.origamisoftware.teach.advanced.services.APIStockService.getQuote(APIStockService.java:73)
	at com.origamisoftware.teach.advanced.app.BasicAPIExample.main(BasicAPIExample.java:21)
	at com.origamisoftware.teach.advanced.app.BasicAPIExampleTest.testMain(BasicAPIExampleTest.java:29)
	at sun.reflect.NativeMethodAccessorImpl.invoke0(Native Method)
	at sun.reflect.NativeMethodAccessorImpl.invoke(NativeMethodAccessorImpl.java:62)
	at sun.reflect.DelegatingMethodAccessorImpl.invoke(DelegatingMethodAccessorImpl.java:43)
	at java.lang.reflect.Method.invoke(Method.java:497)
	at org.junit.runners.model.FrameworkMethod$1.runReflectiveCall(FrameworkMethod.java:45)
	at org.junit.internal.runners.model.ReflectiveCallable.run(ReflectiveCallable.java:15)
	at org.junit.runners.model.FrameworkMethod.invokeExplosively(FrameworkMethod.java:42)
	at org.junit.internal.runners.statements.InvokeMethod.evaluate(InvokeMethod.java:20)
	at org.junit.runners.ParentRunner.runLeaf(ParentRunner.java:263)
	at org.junit.runners.BlockJUnit4ClassRunner.runChild(BlockJUnit4ClassRunner.java:68)
	at org.junit.runners.BlockJUnit4ClassRunner.runChild(BlockJUnit4ClassRunner.java:47)
	at org.junit.runners.ParentRunner$3.run(ParentRunner.java:231)
	at org.junit.runners.ParentRunner$1.schedule(ParentRunner.java:60)
	at org.junit.runners.ParentRunner.runChildren(ParentRunner.java:229)
	at org.junit.runners.ParentRunner.access$000(ParentRunner.java:50)
	at org.junit.runners.ParentRunner$2.evaluate(ParentRunner.java:222)
	at org.junit.runners.ParentRunner.run(ParentRunner.java:300)
	at org.apache.maven.surefire.junit4.JUnit4Provider.execute(JUnit4Provider.java:252)
	at org.apache.maven.surefire.junit4.JUnit4Provider.executeTestSet(JUnit4Provider.java:141)
	at org.apache.maven.surefire.junit4.JUnit4Provider.invoke(JUnit4Provider.java:112)
	at sun.reflect.NativeMethodAccessorImpl.invoke0(Native Method)
	at sun.reflect.NativeMethodAccessorImpl.invoke(NativeMethodAccessorImpl.java:62)
	at sun.reflect.DelegatingMethodAccessorImpl.invoke(DelegatingMethodAccessorImpl.java:43)
	at java.lang.reflect.Method.invoke(Method.java:497)
	at org.apache.maven.surefire.util.ReflectionUtils.invokeMethodWithArray(ReflectionUtils.java:189)
	at org.apache.maven.surefire.booter.ProviderFactory$ProviderProxy.invoke(ProviderFactory.java:165)
	at org.apache.maven.surefire.booter.ProviderFactory.invokeProvider(ProviderFactory.java:85)
	at org.apache.maven.surefire.booter.ForkedBooter.runSuitesInProcess(ForkedBooter.java:115)
	at org.apache.maven.surefire.booter.ForkedBooter.main(ForkedBooter.java:75)
</error>
    <system-out>toFri Jul 14 12:26:48 PKT 2017
fromThu Jul 13 12:26:48 PKT 2017
</system-out>
    <system-err>Jul 14, 2017 12:26:48 PM yahoofinance.quotes.QuotesRequest getResult
INFO: Sending request: http://download.finance.yahoo.com/d/quotes.csv?s=GOOG&amp;f=nsc4xab2sa5sbb3sb6sl1sk3sd1t1opghva2kjm3m4sj2sss1sj1sf6sr1qdyee7e9e8rr5p6p5b4s6j4t8s7&amp;e=.csv
Jul 14, 2017 12:26:51 PM yahoofinance.quotes.QuotesRequest getResult
INFO: Parsing CSV line: \&quot;Alphabet Inc.\&quot;,\&quot;GOOG\&quot;,\&quot;USD\&quot;,\&quot;NMS\&quot;,N/A,N/A,\&quot;GOOG\&quot;,N/A,\&quot;GOOG\&quot;,N/A,N/A,\&quot;GOOG\&quot;,N/A,\&quot;GOOG\&quot;,947.16,\&quot;GOOG\&quot;,N/A,\&quot;GOOG\&quot;,\&quot;7/13/2017\&quot;,\&quot;4:00pm\&quot;,946.29,943.83,943.01,954.45,1294687,1583110,988.25,696.43,952.24,860.20,\&quot;GOOG\&quot;,691748000,\&quot;GOOG\&quot;,\&quot;GOOG\&quot;,N/A,\&quot;GOOG\&quot;,655.20B,\&quot;GOOG\&quot;,599379000,\&quot;GOOG\&quot;,N/A,N/A,N/A,N/A,29.59,33.99,8.44,40.42,32.01,1.55,4.51,6.89,209.43,94.77B,31.21B,1042.63,2.35
Jul 14, 2017 12:27:02 PM com.origamisoftware.teach.advanced.services.APIStockService getQuote
SEVERE: null
java.net.SocketTimeoutException: Read timed out
	at java.net.SocketInputStream.socketRead0(Native Method)
	at java.net.SocketInputStream.socketRead(SocketInputStream.java:116)
	at java.net.SocketInputStream.read(SocketInputStream.java:170)
	at java.net.SocketInputStream.read(SocketInputStream.java:141)
	at sun.security.ssl.InputRecord.readFully(InputRecord.java:465)
	at sun.security.ssl.InputRecord.read(InputRecord.java:503)
	at sun.security.ssl.SSLSocketImpl.readRecord(SSLSocketImpl.java:973)
	at sun.security.ssl.SSLSocketImpl.performInitialHandshake(SSLSocketImpl.java:1375)
	at sun.security.ssl.SSLSocketImpl.startHandshake(SSLSocketImpl.java:1403)
	at sun.security.ssl.SSLSocketImpl.startHandshake(SSLSocketImpl.java:1387)
	at sun.net.www.protocol.https.HttpsClient.afterConnect(HttpsClient.java:559)
	at sun.net.www.protocol.https.AbstractDelegateHttpsURLConnection.connect(AbstractDelegateHttpsURLConnection.java:185)
	at sun.net.www.protocol.http.HttpURLConnection.getInputStream0(HttpURLConnection.java:1513)
	at sun.net.www.protocol.http.HttpURLConnection.getInputStream(HttpURLConnection.java:1441)
	at java.net.HttpURLConnection.getResponseCode(HttpURLConnection.java:480)
	at sun.net.www.protocol.https.HttpsURLConnectionImpl.getResponseCode(HttpsURLConnectionImpl.java:338)
	at yahoofinance.util.RedirectableRequest.openConnection(RedirectableRequest.java:54)
	at yahoofinance.util.RedirectableRequest.openConnection(RedirectableRequest.java:34)
	at yahoofinance.histquotes2.CrumbManager.setCookie(CrumbManager.java:35)
	at yahoofinance.histquotes2.CrumbManager.refresh(CrumbManager.java:83)
	at yahoofinance.histquotes2.CrumbManager.getCrumb(CrumbManager.java:89)
	at yahoofinance.histquotes2.HistQuotes2Request.getResult(HistQuotes2Request.java:113)
	at yahoofinance.Stock.getHistory(Stock.java:300)
	at yahoofinance.YahooFinance.fetchHistoricalQuotes(YahooFinance.java:386)
	at yahoofinance.YahooFinance.getQuotes(YahooFinance.java:380)
	at yahoofinance.YahooFinance.get(YahooFinance.java:172)
	at com.origamisoftware.teach.advanced.services.APIStockService.getQuote(APIStockService.java:69)
	at com.origamisoftware.teach.advanced.app.BasicAPIExample.main(BasicAPIExample.java:21)
	at com.origamisoftware.teach.advanced.app.BasicAPIExampleTest.testMain(BasicAPIExampleTest.java:29)
	at sun.reflect.NativeMethodAccessorImpl.invoke0(Native Method)
	at sun.reflect.NativeMethodAccessorImpl.invoke(NativeMethodAccessorImpl.java:62)
	at sun.reflect.DelegatingMethodAccessorImpl.invoke(DelegatingMethodAccessorImpl.java:43)
	at java.lang.reflect.Method.invoke(Method.java:497)
	at org.junit.runners.model.FrameworkMethod$1.runReflectiveCall(FrameworkMethod.java:45)
	at org.junit.internal.runners.model.ReflectiveCallable.run(ReflectiveCallable.java:15)
	at org.junit.runners.model.FrameworkMethod.invokeExplosively(FrameworkMethod.java:42)
	at org.junit.internal.runners.statements.InvokeMethod.evaluate(InvokeMethod.java:20)
	at org.junit.runners.ParentRunner.runLeaf(ParentRunner.java:263)
	at org.junit.runners.BlockJUnit4ClassRunner.runChild(BlockJUnit4ClassRunner.java:68)
	at org.junit.runners.BlockJUnit4ClassRunner.runChild(BlockJUnit4ClassRunner.java:47)
	at org.junit.runners.ParentRunner$3.run(ParentRunner.java:231)
	at org.junit.runners.ParentRunner$1.schedule(ParentRunner.java:60)
	at org.junit.runners.ParentRunner.runChildren(ParentRunner.java:229)
	at org.junit.runners.ParentRunner.access$000(ParentRunner.java:50)
	at org.junit.runners.ParentRunner$2.evaluate(ParentRunner.java:222)
	at org.junit.runners.ParentRunner.run(ParentRunner.java:300)
	at org.apache.maven.surefire.junit4.JUnit4Provider.execute(JUnit4Provider.java:252)
	at org.apache.maven.surefire.junit4.JUnit4Provider.executeTestSet(JUnit4Provider.java:141)
	at org.apache.maven.surefire.junit4.JUnit4Provider.invoke(JUnit4Provider.java:112)
	at sun.reflect.NativeMethodAccessorImpl.invoke0(Native Method)
	at sun.reflect.NativeMethodAccessorImpl.invoke(NativeMethodAccessorImpl.java:62)
	at sun.reflect.DelegatingMethodAccessorImpl.invoke(DelegatingMethodAccessorImpl.java:43)
	at java.lang.reflect.Method.invoke(Method.java:497)
	at org.apache.maven.surefire.util.ReflectionUtils.invokeMethodWithArray(ReflectionUtils.java:189)
	at org.apache.maven.surefire.booter.ProviderFactory$ProviderProxy.invoke(ProviderFactory.java:165)
	at org.apache.maven.surefire.booter.ProviderFactory.invokeProvider(ProviderFactory.java:85)
	at org.apache.maven.surefire.booter.ForkedBooter.runSuitesInProcess(ForkedBooter.java:115)
	at org.apache.maven.surefire.booter.ForkedBooter.main(ForkedBooter.java:75)

</system-err>
  </testcase>
</testsuite>